<?xml version="1.0" encoding="UTF-8"?>
<testsuite name="com.infinera.metro.dnam.acceptance.test.node.configuration.BoardEntryDeserializationTest" tests="1" skipped="0" failures="0" errors="0" timestamp="2017-05-12T08:50:31" hostname="gentoo-pabe2.infinera.com" time="0.005">
  <properties/>
  <testcase name="test" classname="com.infinera.metro.dnam.acceptance.test.node.configuration.BoardEntryDeserializationTest" time="0.005"/>
  <system-out><![CDATA[]]></system-out>
  <system-err><![CDATA[[Test worker] INFO com.infinera.metro.dnam.acceptance.test.node.configuration.BoardEntryDeserializationTest - com.infinera.metro.dnam.acceptance.test.node.mib.BoardEntry@328ced[
  module=EQUIPMENT
  groupOrTable=BOARD
  board=TPD10GBE
  subrack=1
  slot=1
]
]]></system-err>
</testsuite>
