<?xml version="1.0" encoding="UTF-8"?>
<testsuite name="com.infinera.metro.dnam.acceptance.test.node.configuration.NodeAccessDataTest" tests="1" skipped="0" failures="0" errors="0" timestamp="2017-05-12T08:50:31" hostname="gentoo-pabe2.infinera.com" time="0.009">
  <properties/>
  <testcase name="test2" classname="com.infinera.metro.dnam.acceptance.test.node.configuration.NodeAccessDataTest" time="0.009"/>
  <system-out><![CDATA[]]></system-out>
  <system-err><![CDATA[[Test worker] INFO com.infinera.metro.dnam.acceptance.test.node.configuration.NodeAccessDataTest - com.infinera.metro.dnam.acceptance.test.node.NodeAccessData@5a18e294[
  ipAddress=172.17.0.2
  port=80
  userName=root
  password=root
]
]]></system-err>
</testsuite>
