<?xml version="1.0" encoding="UTF-8"?>
<testsuite name="com.infinera.metro.dnam.acceptance.test.node.configuration.BoardDeserializationTest" tests="1" skipped="0" failures="0" errors="0" timestamp="2017-05-12T08:50:31" hostname="gentoo-pabe2.infinera.com" time="0.003">
  <properties/>
  <testcase name="test" classname="com.infinera.metro.dnam.acceptance.test.node.configuration.BoardDeserializationTest" time="0.003"/>
  <system-out><![CDATA[]]></system-out>
  <system-err><![CDATA[[Test worker] INFO com.infinera.metro.dnam.acceptance.test.node.configuration.BoardDeserializationTest - com.infinera.metro.dnam.acceptance.test.node.mib.Board@2d4c1c1[
  name=tpd10gbe
  name=TPD10GBE
  ordinal=1
]
]]></system-err>
</testsuite>
