<?xml version="1.0" encoding="UTF-8"?>
<testsuite name="com.infinera.metro.dnam.acceptance.test.node.configuration.ConfigurationDeserializationTest" tests="1" skipped="0" failures="0" errors="0" timestamp="2017-05-12T08:50:31" hostname="gentoo-pabe2.infinera.com" time="0.01">
  <properties/>
  <testcase name="test" classname="com.infinera.metro.dnam.acceptance.test.node.configuration.ConfigurationDeserializationTest" time="0.01"/>
  <system-out><![CDATA[]]></system-out>
  <system-err><![CDATA[[Test worker] INFO com.infinera.metro.dnam.acceptance.test.node.configuration.ConfigurationDeserializationTest - com.infinera.metro.dnam.acceptance.test.node.mib.Configuration@55907d37[
  key=configure
  value=lan10GbE yes
]
]]></system-err>
</testsuite>
