<?xml version="1.0" encoding="UTF-8"?>
<testsuite name="com.infinera.metro.dnam.acceptance.test.node.configuration.LinePortEntryDeserializationTest" tests="1" skipped="0" failures="0" errors="0" timestamp="2017-05-12T08:50:31" hostname="gentoo-pabe2.infinera.com" time="0.043">
  <properties/>
  <testcase name="test" classname="com.infinera.metro.dnam.acceptance.test.node.configuration.LinePortEntryDeserializationTest" time="0.043"/>
  <system-out><![CDATA[]]></system-out>
  <system-err><![CDATA[[Test worker] INFO com.infinera.metro.dnam.acceptance.test.node.configuration.LinePortEntryDeserializationTest - com.infinera.metro.dnam.acceptance.test.node.mib.LinePortEntry@7e1ba84f[
  module=WDM
  groupOrTable=IF
  linePort=WDM
  subrack=1
  slot=2
  transmitPort=3
  receivePort=4
]
]]></system-err>
</testsuite>
