<?xml version="1.0" encoding="UTF-8"?>
<testsuite name="com.infinera.metro.dnam.acceptance.test.node.configuration.ClientPortEntryDeserializationTest" tests="1" skipped="0" failures="0" errors="0" timestamp="2017-05-12T08:50:31" hostname="gentoo-pabe2.infinera.com" time="0.009">
  <properties/>
  <testcase name="test" classname="com.infinera.metro.dnam.acceptance.test.node.configuration.ClientPortEntryDeserializationTest" time="0.009"/>
  <system-out><![CDATA[]]></system-out>
  <system-err><![CDATA[[Test worker] INFO com.infinera.metro.dnam.acceptance.test.node.configuration.ClientPortEntryDeserializationTest - com.infinera.metro.dnam.acceptance.test.node.mib.ClientPortEntry@17e450c6[
  module=CLIENT
  groupOrTable=IF
  clientPort=CLIENT
  subrack=1
  slot=2
  transmitPort=1
  receivePort=2
]
]]></system-err>
</testsuite>
