<?xml version="1.0" encoding="UTF-8"?>
<testsuite name="basic.BasicYamlTest" tests="1" skipped="0" failures="0" errors="0" timestamp="2017-04-27T09:13:06" hostname="gentoo-pabe2.infinera.com" time="0.13">
  <properties/>
  <testcase name="test" classname="basic.BasicYamlTest" time="0.13"/>
  <system-out><![CDATA[*** toString() ***
Configuration(released=Fri Nov 30 01:00:00 CET 2012, version=1.0, connection=Connection(url=jdbc:mysql://localhost:3306/db, poolSize=5), protocols=[http, https], users={tom=passwd, bob=passwd})

*** JSON ***
{
  "released" : 1354233600000,
  "version" : "1.0",
  "connection" : {
    "url" : "jdbc:mysql://localhost:3306/db",
    "poolSize" : 5
  },
  "protocols" : [ "http", "https" ],
  "users" : {
    "tom" : "passwd",
    "bob" : "passwd"
  }
}
]]></system-out>
  <system-err><![CDATA[]]></system-err>
</testsuite>
